<?xml version="1.0" encoding="UTF-8"?>
<!-- Generated by org.testng.reporters.JUnitXMLReporter -->
<testsuite ignored="0" hostname="DESKTOP-SEKDPB4" failures="0" tests="6" name="FirefoxTest" time="43.724" errors="0" timestamp="2023-02-09T19:28:14 IST">
  <testcase classname="testNGTest.FacebookTest_2" name="veirifyCookiesPolicies" time="6.337"/>
  <testcase classname="testNGTest.FacebookTest1" name="veirifyCookiesPolicies" time="6.311"/>
  <testcase classname="testNGTest.FacebookTest_2" name="veirifyPrivacyPlicies" time="6.031"/>
  <testcase classname="testNGTest.FacebookTest1" name="veirifyPrivacyPlicies" time="6.206"/>
  <testcase classname="testNGTest.FacebookTest_2" name="verifyTesrmLink" time="0.636"/>
  <testcase classname="testNGTest.FacebookTest1" name="verifyTesrmLink" time="5.452"/>
</testsuite> <!-- FirefoxTest -->
