<?xml version="1.0" encoding="UTF-8"?>
<!-- Generated by org.testng.reporters.JUnitXMLReporter -->
<testsuite ignored="0" hostname="DESKTOP-SEKDPB4" failures="0" tests="8" name="Test12233" time="0.073" errors="0" timestamp="2023-02-04T19:10:24 IST">
  <testcase classname="testNGTest.TestClass456" name="testB" time="0.007"/>
  <testcase classname="testNGTest.TestClass456" name="testD" time="0.002"/>
  <testcase classname="testNGTest.TestClass456" name="testC" time="0.002"/>
  <testcase classname="testNGTest.TestClass456" name="testA" time="0.001"/>
  <testcase classname="testNGTest.TestClass123" name="test1" time="0.001"/>
  <testcase classname="testNGTest.TestClass123" name="test2" time="0.001"/>
  <testcase classname="testNGTest.TestClass123" name="test3" time="0.002"/>
  <testcase classname="testNGTest.TestClass123" name="test4" time="0.001"/>
</testsuite> <!-- Test12233 -->
